SF:lib/domain/activities/models/activity.dart
DA:13,3
DA:23,0
DA:24,0
DA:32,1
DA:33,1
DA:34,1
DA:35,1
DA:36,1
DA:37,1
DA:38,1
DA:39,1
DA:40,1
DA:43,0
DA:52,0
DA:53,0
DA:54,0
DA:55,0
DA:56,0
DA:57,0
DA:58,0
DA:59,0
LF:21
LH:10
end_of_record
SF:lib/infrastructure/activities/services/activities_service_impl.dart
DA:13,1
DA:17,1
DA:19,2
DA:22,0
DA:24,0
LF:5
LH:3
end_of_record
SF:lib/infrastructure/core/failures/server_failures.dart
DA:12,3
DA:17,1
DA:18,1
DA:19,1
DA:20,1
DA:22,0
DA:23,0
DA:28,3
DA:29,3
DA:34,1
DA:35,1
DA:40,1
DA:41,1
DA:46,0
DA:47,0
DA:52,0
DA:53,0
DA:58,0
DA:59,0
DA:64,0
DA:65,0
DA:72,6
DA:84,0
DA:88,0
DA:89,0
DA:92,0
DA:94,0
DA:95,0
DA:97,0
DA:100,0
DA:103,0
DA:106,0
DA:114,0
LF:33
LH:12
end_of_record
SF:lib/domain/core/failures.dart
DA:12,1
DA:18,0
DA:19,0
DA:20,0
DA:21,0
DA:22,0
LF:6
LH:1
end_of_record
SF:lib/infrastructure/activities/repositories/demo_repository.dart
DA:19,1
DA:21,2
DA:25,2
DA:26,4
DA:30,1
DA:32,1
DA:33,2
DA:34,6
DA:35,3
DA:38,1
DA:39,6
DA:43,0
DA:44,0
DA:47,0
DA:49,0
DA:50,0
DA:51,0
DA:52,0
DA:53,0
DA:55,0
DA:59,0
DA:61,0
DA:62,0
DA:65,0
DA:66,0
DA:67,0
DA:74,3
DA:128,3
DA:129,3
DA:130,9
DA:131,9
DA:132,9
DA:133,9
DA:134,9
DA:136,6
DA:137,3
DA:138,3
DA:139,21
DA:140,21
DA:141,21
DA:142,21
DA:144,24
LF:42
LH:27
end_of_record
SF:lib/domain/auth/failures/auth_failures.dart
DA:10,1
DA:15,1
DA:16,1
DA:17,1
DA:18,1
DA:21,0
DA:22,0
DA:25,1
DA:26,1
DA:29,1
DA:30,1
DA:37,3
DA:44,0
DA:49,0
DA:50,0
DA:53,0
DA:56,0
DA:61,0
LF:18
LH:10
end_of_record
SF:lib/domain/auth/models/user.dart
DA:7,3
DA:12,1
DA:13,1
DA:14,1
DA:15,1
LF:5
LH:5
end_of_record
SF:lib/domain/auth/use_cases/get_user_logged_use_case.dart
DA:14,1
DA:17,1
DA:20,3
DA:22,1
DA:23,1
DA:24,2
DA:25,2
DA:27,1
DA:28,1
DA:30,1
DA:34,2
LF:11
LH:11
end_of_record
SF:lib/domain/activities/failures/activities_failures.dart
DA:11,2
DA:17,1
DA:18,1
DA:19,1
DA:20,1
DA:23,1
DA:24,1
DA:27,1
DA:28,1
DA:31,0
DA:34,0
DA:40,0
DA:41,0
DA:43,1
DA:44,1
DA:47,1
DA:48,1
DA:55,4
DA:64,4
DA:72,0
DA:77,0
DA:78,0
DA:81,0
DA:84,0
DA:87,0
DA:88,0
DA:89,0
DA:93,0
DA:96,0
DA:100,0
DA:105,0
DA:108,0
DA:113,0
LF:33
LH:15
end_of_record
SF:lib/domain/activities/use_cases/get_activities_use_case.dart
DA:13,1
DA:16,1
DA:19,2
DA:21,1
DA:22,1
DA:23,2
DA:24,2
DA:26,1
DA:27,1
DA:29,1
DA:33,2
LF:11
LH:11
end_of_record
SF:lib/application/activities/activity_form_state.dart
DA:12,1
DA:34,1
DA:35,1
DA:36,1
DA:37,4
DA:39,1
DA:40,1
DA:41,1
DA:42,1
DA:43,1
DA:44,1
DA:45,0
DA:47,3
DA:49,2
DA:50,2
DA:51,1
DA:52,1
DA:53,1
DA:56,1
DA:57,1
DA:58,1
LF:21
LH:20
end_of_record
SF:lib/domain/activities/activities_objects/activities_fields.dart
DA:11,0
DA:12,0
DA:14,1
DA:15,3
DA:19,1
DA:20,1
DA:21,1
DA:25,1
DA:34,1
DA:35,1
DA:36,1
DA:40,1
DA:49,1
DA:50,1
DA:51,1
DA:55,1
DA:64,1
DA:65,1
DA:66,1
DA:70,1
LF:20
LH:18
end_of_record
SF:lib/domain/activities/use_cases/save_activity_use_case.dart
DA:16,0
DA:19,0
DA:22,0
DA:23,0
DA:26,0
DA:28,0
DA:30,0
DA:33,0
DA:34,0
DA:35,0
DA:36,0
DA:37,0
DA:40,0
DA:42,0
DA:43,0
DA:44,0
DA:45,0
DA:47,0
DA:51,0
DA:64,1
DA:73,0
DA:74,0
DA:75,0
DA:76,0
DA:77,0
DA:80,1
DA:81,1
DA:82,2
DA:83,2
DA:84,2
DA:85,2
LF:31
LH:7
end_of_record
SF:lib/domain/activities/activities_objects/validators.dart
DA:4,1
DA:5,1
DA:6,0
DA:9,2
DA:10,0
DA:13,1
DA:16,1
DA:17,1
DA:18,0
DA:19,0
DA:21,2
DA:22,0
DA:24,1
DA:27,1
DA:28,1
DA:29,0
DA:31,2
DA:32,0
DA:34,1
DA:37,1
DA:39,0
DA:41,1
DA:42,5
DA:43,2
DA:45,0
LF:25
LH:16
end_of_record
SF:lib/domain/core/value_objects.dart
DA:6,1
DA:10,0
DA:12,0
DA:14,0
LF:4
LH:1
end_of_record
