SF:lib/application/activities/activity_form_state.dart
DA:9,1
DA:27,1
DA:28,1
DA:29,1
DA:30,1
DA:31,1
DA:32,1
DA:33,1
DA:34,1
DA:36,3
DA:38,1
DA:39,0
DA:40,1
DA:41,1
DA:44,1
DA:45,1
DA:46,1
LF:17
LH:16
end_of_record
SF:lib/domain/activities/activities_objects/activities_fields.dart
DA:11,0
DA:12,0
DA:14,0
DA:15,0
DA:19,1
DA:20,1
DA:21,1
DA:25,1
DA:34,1
DA:35,1
DA:36,1
DA:40,1
DA:49,1
DA:50,1
DA:51,1
DA:55,1
DA:64,1
DA:65,1
DA:66,1
DA:70,1
LF:20
LH:16
end_of_record
SF:lib/domain/activities/models/activity.dart
DA:12,3
DA:21,1
DA:22,1
DA:23,1
DA:24,1
DA:25,1
DA:26,1
DA:27,1
DA:28,1
DA:31,0
DA:39,0
DA:40,0
DA:41,0
DA:42,0
DA:43,0
DA:44,0
DA:45,0
LF:17
LH:9
end_of_record
SF:lib/domain/activities/use_cases/save_activity_use_case.dart
DA:16,0
DA:19,0
DA:22,0
DA:23,0
DA:25,0
DA:27,0
DA:28,0
DA:29,0
DA:30,0
DA:32,0
DA:34,0
DA:35,0
DA:36,0
DA:37,0
DA:39,0
DA:43,0
DA:54,1
DA:61,0
DA:62,0
DA:63,0
DA:64,0
DA:65,0
DA:68,1
DA:69,1
DA:70,2
DA:71,2
DA:72,2
DA:73,2
LF:28
LH:7
end_of_record
SF:lib/infrastructure/activities/repositories/demo_repository.dart
DA:18,1
DA:20,2
DA:24,2
DA:25,4
DA:29,1
DA:31,6
DA:32,2
DA:33,6
DA:34,3
DA:38,0
DA:39,0
DA:42,0
DA:43,0
DA:44,0
DA:46,0
DA:48,0
DA:49,0
DA:56,3
DA:104,3
DA:105,3
DA:106,9
DA:107,9
DA:108,9
DA:109,9
DA:110,9
DA:112,6
DA:113,3
DA:114,3
DA:115,21
DA:116,21
DA:117,21
DA:118,21
LF:32
LH:24
end_of_record
SF:lib/domain/core/failures.dart
DA:12,1
DA:18,0
DA:19,0
DA:20,0
DA:21,0
DA:22,0
LF:6
LH:1
end_of_record
SF:lib/infrastructure/core/failures/server_failures.dart
DA:12,2
DA:17,1
DA:18,1
DA:19,1
DA:20,1
DA:22,0
DA:23,0
DA:28,2
DA:29,2
DA:34,0
DA:35,0
DA:40,1
DA:41,1
DA:46,0
DA:47,0
DA:52,0
DA:53,0
DA:58,0
DA:59,0
DA:64,0
DA:65,0
DA:72,4
DA:84,0
DA:88,0
DA:89,0
DA:92,0
DA:94,0
DA:95,0
DA:97,0
DA:100,0
DA:103,0
DA:106,0
DA:114,0
LF:33
LH:10
end_of_record
SF:lib/domain/activities/activities_objects/validators.dart
DA:4,1
DA:5,1
DA:6,0
DA:9,2
DA:10,0
DA:13,1
DA:16,1
DA:17,1
DA:18,0
DA:19,0
DA:21,2
DA:22,0
DA:24,1
DA:27,1
DA:28,1
DA:29,0
DA:30,0
DA:32,2
DA:33,0
DA:35,1
DA:38,1
DA:40,0
DA:42,1
DA:43,5
DA:44,2
DA:46,0
LF:26
LH:16
end_of_record
SF:lib/domain/core/value_objects.dart
DA:6,1
DA:10,0
DA:12,0
DA:14,0
LF:4
LH:1
end_of_record
SF:lib/domain/activities/failures/activities_failures.dart
DA:11,2
DA:17,1
DA:18,1
DA:19,1
DA:20,1
DA:23,0
DA:24,0
DA:27,1
DA:28,1
DA:31,0
DA:34,0
DA:40,0
DA:41,0
DA:43,1
DA:44,1
DA:47,1
DA:48,1
DA:55,3
DA:64,3
DA:72,0
DA:77,0
DA:78,0
DA:81,0
DA:84,0
DA:87,0
DA:88,0
DA:89,0
DA:93,0
DA:96,0
DA:100,0
DA:105,0
DA:108,0
DA:113,0
LF:33
LH:13
end_of_record
SF:lib/infrastructure/activities/services/activities_service_impl.dart
DA:13,1
DA:17,1
DA:19,2
DA:22,0
DA:24,0
LF:5
LH:3
end_of_record
SF:lib/domain/activities/use_cases/get_activities_use_case.dart
DA:13,1
DA:16,1
DA:19,2
DA:21,1
DA:22,1
DA:23,2
DA:24,2
DA:26,1
DA:27,1
DA:29,1
DA:33,2
LF:11
LH:11
end_of_record
